f:\softrender\softrender\debug\vc142.pdb
f:\softrender\softrender\debug\vc142.idb
f:\softrender\softrender\debug\window.obj
f:\softrender\softrender\debug\vertex.obj
f:\softrender\softrender\debug\transform.obj
f:\softrender\softrender\debug\texture.obj
f:\softrender\softrender\debug\shader.obj
f:\softrender\softrender\debug\renderer.obj
f:\softrender\softrender\debug\objfilereader.obj
f:\softrender\softrender\debug\mymath.obj
f:\softrender\softrender\debug\mesh.obj
f:\softrender\softrender\debug\matrix.obj
f:\softrender\softrender\debug\main.obj
f:\softrender\softrender\debug\light.obj
f:\softrender\softrender\debug\color.obj
f:\softrender\softrender\debug\camera.obj
f:\softrender\softrender\debug\softrender.tlog\cl.command.1.tlog
f:\softrender\softrender\debug\softrender.tlog\cl.read.1.tlog
f:\softrender\softrender\debug\softrender.tlog\cl.write.1.tlog
f:\softrender\softrender\debug\softrender.tlog\link.command.1.tlog
f:\softrender\softrender\debug\softrender.tlog\link.read.1.tlog
f:\softrender\softrender\debug\softrender.tlog\link.write.1.tlog
